[Parent] Forked child index=0 pid=1455 prio=3
[Parent] Forked child index=1 pid=1456 prio=4
[Parent] Forked child index=2 pid=1457 prio=5
[Parent] Forked child index=3 pid=1458 prio=3
[Parent] Sent signal 19 to pid=1455 (initial SIGSTOP)
[Parent] Sent signal 19 to pid=1456 (initial SIGSTOP)
[Parent] Sent signal 19 to pid=1457 (initial SIGSTOP)
[Parent] Sent signal 19 to pid=1458 (initial SIGSTOP)
[Parent] Sent signal 18 to pid=1455 (initial resume)
[Parent] Sent signal 19 to pid=1455 (preempt SIGSTOP)
[Parent] Sent signal 18 to pid=1457 (resume SIGCONT)
[Parent] Sent signal 19 to pid=1457 (preempt SIGSTOP)
[Parent] Sent signal 18 to pid=1456 (resume SIGCONT)
[Parent] Sent signal 19 to pid=1456 (preempt SIGSTOP)
[Parent] Sent signal 18 to pid=1457 (resume SIGCONT)
[Parent] Sent signal 19 to pid=1457 (preempt SIGSTOP)
[Parent] Sent signal 18 to pid=1456 (resume SIGCONT)
[Parent] Sent signal 19 to pid=1456 (preempt SIGSTOP)
[Parent] Sent signal 18 to pid=1457 (resume SIGCONT)
[Parent] Sent signal 19 to pid=1457 (preempt SIGSTOP)
[Parent] Sent signal 18 to pid=1456 (resume SIGCONT)
[Parent] Sent signal 19 to pid=1456 (preempt SIGSTOP)
[Parent] Sent signal 18 to pid=1457 (resume SIGCONT)
[Parent] Sent signal 19 to pid=1457 (preempt SIGSTOP)
[Parent] Sent signal 18 to pid=1456 (resume SIGCONT)
[Parent] Sent signal 19 to pid=1456 (preempt SIGSTOP)
[Parent] Sent signal 18 to pid=1457 (resume SIGCONT)
[Parent] Sent signal 19 to pid=1457 (preempt SIGSTOP)
[Parent] Sent signal 18 to pid=1456 (resume SIGCONT)
[Parent] Sent signal 19 to pid=1456 (preempt SIGSTOP)
[Parent] Sent signal 18 to pid=1457 (resume SIGCONT)
[Parent] Sent signal 19 to pid=1457 (preempt SIGSTOP)
[Parent] Sent signal 18 to pid=1456 (resume SIGCONT)
[Parent] Sent signal 19 to pid=1456 (preempt SIGSTOP)
[Parent] Sent signal 18 to pid=1457 (resume SIGCONT)
[Parent] Sent signal 19 to pid=1457 (preempt SIGSTOP)
[Parent] Sent signal 18 to pid=1456 (resume SIGCONT)
[Parent] Sent signal 19 to pid=1456 (preempt SIGSTOP)
[Parent] Sent signal 18 to pid=1457 (resume SIGCONT)
[Parent] Sent signal 19 to pid=1457 (preempt SIGSTOP)
[Parent] Sent signal 18 to pid=1456 (resume SIGCONT)
[Parent] Sent signal 19 to pid=1456 (preempt SIGSTOP)
[Parent] Sent signal 18 to pid=1457 (resume SIGCONT)
[Parent] Sent signal 19 to pid=1457 (preempt SIGSTOP)
[Parent] Sent signal 18 to pid=1456 (resume SIGCONT)
[Parent] Sent signal 19 to pid=1456 (preempt SIGSTOP)
[Parent] Sent signal 18 to pid=1457 (resume SIGCONT)
[Parent] Sent signal 19 to pid=1457 (preempt SIGSTOP)
[Parent] Sent signal 18 to pid=1456 (resume SIGCONT)
[Parent] Sent signal 19 to pid=1456 (preempt SIGSTOP)
[Parent] Sent signal 18 to pid=1457 (resume SIGCONT)
[Parent] Sent signal 19 to pid=1457 (preempt SIGSTOP)
[Parent] Sent signal 18 to pid=1456 (resume SIGCONT)
[Parent] Sent signal 19 to pid=1456 (preempt SIGSTOP)
[Parent] Sent signal 18 to pid=1457 (resume SIGCONT)
[Parent] Sent signal 19 to pid=1457 (preempt SIGSTOP)
[Parent] Sent signal 18 to pid=1456 (resume SIGCONT)
[Parent] Sent signal 19 to pid=1456 (preempt SIGSTOP)
[Parent] Sent signal 18 to pid=1457 (resume SIGCONT)
[Parent] Sent signal 19 to pid=1457 (preempt SIGSTOP)
[Parent] Sent signal 18 to pid=1456 (resume SIGCONT)
[Parent] Sent signal 19 to pid=1456 (preempt SIGSTOP)
[Parent] Sent signal 18 to pid=1457 (resume SIGCONT)
[Parent] Sent signal 19 to pid=1457 (preempt SIGSTOP)
[Parent] Sent signal 18 to pid=1456 (resume SIGCONT)
[Parent] Sent signal 19 to pid=1456 (preempt SIGSTOP)
[Parent] Sent signal 18 to pid=1457 (resume SIGCONT)
[Parent] Sent signal 19 to pid=1457 (preempt SIGSTOP)
[Parent] Sent signal 18 to pid=1456 (resume SIGCONT)
[Parent] Sent signal 19 to pid=1456 (preempt SIGSTOP)
[Parent] Sent signal 18 to pid=1457 (resume SIGCONT)
[Parent] Sent signal 19 to pid=1457 (preempt SIGSTOP)
[Parent] Sent signal 18 to pid=1456 (resume SIGCONT)
[Parent] Sent signal 19 to pid=1456 (preempt SIGSTOP)
[Parent] Sent signal 18 to pid=1457 (resume SIGCONT)
[Parent] Sent signal 19 to pid=1457 (preempt SIGSTOP)
[Parent] Sent signal 18 to pid=1456 (resume SIGCONT)
[Parent] Sent signal 19 to pid=1456 (preempt SIGSTOP)
[Parent] Sent signal 18 to pid=1457 (resume SIGCONT)
[Parent] Sent signal 19 to pid=1457 (preempt SIGSTOP)
[Parent] Sent signal 18 to pid=1456 (resume SIGCONT)
[Parent] Sent signal 19 to pid=1456 (preempt SIGSTOP)
[Parent] Sent signal 18 to pid=1457 (resume SIGCONT)
[Parent] Sent signal 19 to pid=1457 (preempt SIGSTOP)
[Parent] Sent signal 18 to pid=1456 (resume SIGCONT)
[Parent] Sent signal 19 to pid=1456 (preempt SIGSTOP)
[Parent] Sent signal 18 to pid=1457 (resume SIGCONT)
[Parent] Sent signal 19 to pid=1457 (preempt SIGSTOP)
[Parent] Sent signal 18 to pid=1456 (resume SIGCONT)
[Parent] Sent signal 19 to pid=1456 (preempt SIGSTOP)
[Parent] Sent signal 18 to pid=1457 (resume SIGCONT)
[Parent] Sent signal 19 to pid=1457 (preempt SIGSTOP)
[Parent] Sent signal 18 to pid=1456 (resume SIGCONT)
[Parent] Sent signal 19 to pid=1456 (preempt SIGSTOP)
[Parent] Sent signal 18 to pid=1457 (resume SIGCONT)
[Parent] Sent signal 19 to pid=1457 (preempt SIGSTOP)
[Parent] Sent signal 18 to pid=1456 (resume SIGCONT)
[Parent] Sent signal 19 to pid=1456 (preempt SIGSTOP)
[Parent] Sent signal 18 to pid=1457 (resume SIGCONT)
[Parent] Sent signal 19 to pid=1457 (preempt SIGSTOP)
[Parent] Sent signal 18 to pid=1456 (resume SIGCONT)
[Parent] Sent signal 19 to pid=1456 (preempt SIGSTOP)
[Parent] Sent signal 18 to pid=1457 (resume SIGCONT)
[Parent] Sent signal 19 to pid=1457 (preempt SIGSTOP)
[Parent] Sent signal 18 to pid=1456 (resume SIGCONT)
[Parent] Sent signal 19 to pid=1456 (preempt SIGSTOP)
[Parent] Sent signal 18 to pid=1457 (resume SIGCONT)
[Parent] Sent signal 19 to pid=1457 (preempt SIGSTOP)
[Parent] Sent signal 18 to pid=1456 (resume SIGCONT)
[Parent] Sent signal 19 to pid=1456 (preempt SIGSTOP)
[Parent] Sent signal 18 to pid=1457 (resume SIGCONT)
[Parent] Sent signal 19 to pid=1457 (preempt SIGSTOP)
[Parent] Sent signal 18 to pid=1456 (resume SIGCONT)
[Parent] Sent signal 19 to pid=1456 (preempt SIGSTOP)
[Parent] Sent signal 18 to pid=1457 (resume SIGCONT)
[Parent] Sent signal 19 to pid=1457 (preempt SIGSTOP)
[Parent] Sent signal 18 to pid=1456 (resume SIGCONT)
[Parent] Sent signal 19 to pid=1456 (preempt SIGSTOP)
[Parent] Sent signal 18 to pid=1457 (resume SIGCONT)
[Parent] Sent signal 19 to pid=1457 (preempt SIGSTOP)
[Parent] Sent signal 18 to pid=1456 (resume SIGCONT)
[Parent] Sent signal 19 to pid=1456 (preempt SIGSTOP)
[Parent] Sent signal 18 to pid=1457 (resume SIGCONT)
[Parent] Sent signal 19 to pid=1457 (preempt SIGSTOP)
[Parent] Sent signal 18 to pid=1456 (resume SIGCONT)
[Parent] Sent signal 19 to pid=1456 (preempt SIGSTOP)
[Parent] Sent signal 18 to pid=1457 (resume SIGCONT)
[Parent] Sent signal 19 to pid=1457 (preempt SIGSTOP)
[Parent] Sent signal 18 to pid=1456 (resume SIGCONT)
[Parent] Sent signal 19 to pid=1456 (preempt SIGSTOP)
[Parent] Sent signal 18 to pid=1457 (resume SIGCONT)
[Parent] Sent signal 19 to pid=1457 (preempt SIGSTOP)
[Parent] Sent signal 18 to pid=1456 (resume SIGCONT)
[Parent] Sent signal 19 to pid=1456 (preempt SIGSTOP)
[Parent] Sent signal 18 to pid=1457 (resume SIGCONT)
[Parent] Sent signal 19 to pid=1457 (preempt SIGSTOP)
[Parent] Sent signal 18 to pid=1456 (resume SIGCONT)
[Parent] Sent signal 19 to pid=1456 (preempt SIGSTOP)
[Parent] Sent signal 18 to pid=1457 (resume SIGCONT)
[Parent] Sent signal 19 to pid=1457 (preempt SIGSTOP)
[Parent] Sent signal 18 to pid=1456 (resume SIGCONT)
[Parent] Sent signal 19 to pid=1456 (preempt SIGSTOP)
[Parent] Sent signal 18 to pid=1457 (resume SIGCONT)
[Parent] Sent signal 19 to pid=1457 (preempt SIGSTOP)
[Parent] Sent signal 18 to pid=1456 (resume SIGCONT)
[Parent] Sent signal 19 to pid=1456 (preempt SIGSTOP)
[Parent] Sent signal 18 to pid=1457 (resume SIGCONT)
[Parent] Sent signal 19 to pid=1457 (preempt SIGSTOP)
[Parent] Sent signal 18 to pid=1456 (resume SIGCONT)
[Parent] Sent signal 19 to pid=1456 (preempt SIGSTOP)
[Parent] Sent signal 18 to pid=1457 (resume SIGCONT)
[Parent] Sent signal 19 to pid=1457 (preempt SIGSTOP)
[Parent] Sent signal 18 to pid=1456 (resume SIGCONT)
[Parent] Sent signal 19 to pid=1456 (preempt SIGSTOP)
[Parent] Sent signal 18 to pid=1457 (resume SIGCONT)
[Parent] Sent signal 19 to pid=1457 (preempt SIGSTOP)
[Parent] Sent signal 18 to pid=1456 (resume SIGCONT)
[Parent] Sent signal 19 to pid=1456 (preempt SIGSTOP)
[Parent] Sent signal 18 to pid=1457 (resume SIGCONT)
[Parent] Sent signal 19 to pid=1457 (preempt SIGSTOP)
[Parent] Sent signal 18 to pid=1456 (resume SIGCONT)
[Parent] Sent signal 19 to pid=1456 (preempt SIGSTOP)
[Parent] Sent signal 18 to pid=1457 (resume SIGCONT)
[Parent] Sent signal 19 to pid=1457 (preempt SIGSTOP)
[Parent] Sent signal 18 to pid=1456 (resume SIGCONT)
[Parent] Sent signal 19 to pid=1456 (preempt SIGSTOP)
[Parent] Sent signal 18 to pid=1457 (resume SIGCONT)
[Parent] Sent signal 19 to pid=1457 (preempt SIGSTOP)
[Parent] Sent signal 18 to pid=1456 (resume SIGCONT)
[Parent] Sent signal 19 to pid=1456 (preempt SIGSTOP)
[Parent] Sent signal 18 to pid=1457 (resume SIGCONT)
[Parent] Sent signal 19 to pid=1457 (preempt SIGSTOP)
[Parent] Sent signal 18 to pid=1456 (resume SIGCONT)
[Parent] Sent signal 19 to pid=1456 (preempt SIGSTOP)
[Parent] Sent signal 18 to pid=1457 (resume SIGCONT)
[Parent] Sent signal 19 to pid=1457 (preempt SIGSTOP)
[Parent] Sent signal 18 to pid=1456 (resume SIGCONT)
[Parent] Sent signal 19 to pid=1456 (preempt SIGSTOP)
[Parent] Sent signal 18 to pid=1457 (resume SIGCONT)
[Parent] Sent signal 19 to pid=1457 (preempt SIGSTOP)
[Parent] Sent signal 18 to pid=1456 (resume SIGCONT)
[Parent] Sent signal 19 to pid=1456 (preempt SIGSTOP)
[Parent] Sent signal 18 to pid=1457 (resume SIGCONT)
[Parent] Sent signal 19 to pid=1457 (preempt SIGSTOP)
[Parent] Sent signal 18 to pid=1456 (resume SIGCONT)
[Parent] Sent signal 19 to pid=1456 (preempt SIGSTOP)
[Parent] Sent signal 18 to pid=1457 (resume SIGCONT)
[Parent] Sent signal 19 to pid=1457 (preempt SIGSTOP)
[Parent] Sent signal 18 to pid=1456 (resume SIGCONT)
[Parent] Sent signal 19 to pid=1456 (preempt SIGSTOP)
[Parent] Sent signal 18 to pid=1457 (resume SIGCONT)
[Parent] Sent signal 19 to pid=1457 (preempt SIGSTOP)
[Parent] Sent signal 18 to pid=1456 (resume SIGCONT)
[Parent] Sent signal 19 to pid=1456 (preempt SIGSTOP)
[Parent] Sent signal 18 to pid=1457 (resume SIGCONT)
[Parent] Sent signal 19 to pid=1457 (preempt SIGSTOP)
[Parent] Sent signal 18 to pid=1456 (resume SIGCONT)
[Parent] Sent signal 19 to pid=1456 (preempt SIGSTOP)
[Parent] Sent signal 18 to pid=1457 (resume SIGCONT)
[Parent] Sent signal 19 to pid=1457 (preempt SIGSTOP)
[Parent] Sent signal 18 to pid=1456 (resume SIGCONT)
[Parent] Sent signal 19 to pid=1456 (preempt SIGSTOP)
[Parent] Sent signal 18 to pid=1457 (resume SIGCONT)
[Parent] Sent signal 19 to pid=1457 (preempt SIGSTOP)
[Parent] Sent signal 18 to pid=1456 (resume SIGCONT)
[Parent] Sent signal 19 to pid=1456 (preempt SIGSTOP)
[Parent] Sent signal 18 to pid=1457 (resume SIGCONT)
[Parent] Sent signal 19 to pid=1457 (preempt SIGSTOP)
[Parent] Sent signal 18 to pid=1456 (resume SIGCONT)
[Parent] Sent signal 19 to pid=1456 (preempt SIGSTOP)
[Parent] Sent signal 18 to pid=1457 (resume SIGCONT)
[Parent] Sent signal 19 to pid=1457 (preempt SIGSTOP)
[Parent] Sent signal 18 to pid=1456 (resume SIGCONT)
[Parent] Sent signal 19 to pid=1456 (preempt SIGSTOP)
[Parent] Sent signal 18 to pid=1457 (resume SIGCONT)
[Parent] Sent signal 19 to pid=1457 (preempt SIGSTOP)
[Parent] Sent signal 18 to pid=1456 (resume SIGCONT)
[Parent] Sent signal 19 to pid=1456 (preempt SIGSTOP)
[Parent] Sent signal 18 to pid=1457 (resume SIGCONT)
[Parent] Sent signal 19 to pid=1457 (preempt SIGSTOP)
[Parent] Sent signal 18 to pid=1456 (resume SIGCONT)
[Parent] Sent signal 19 to pid=1456 (preempt SIGSTOP)
[Parent] Sent signal 18 to pid=1457 (resume SIGCONT)
[Parent] Sent signal 19 to pid=1457 (preempt SIGSTOP)
[Parent] Sent signal 18 to pid=1456 (resume SIGCONT)
[Parent] Sent signal 19 to pid=1456 (preempt SIGSTOP)
[Parent] Sent signal 18 to pid=1457 (resume SIGCONT)
[Parent] Sent signal 19 to pid=1457 (preempt SIGSTOP)
[Parent] Sent signal 18 to pid=1456 (resume SIGCONT)
[Parent] Sent signal 19 to pid=1456 (preempt SIGSTOP)
[Parent] Sent signal 18 to pid=1457 (resume SIGCONT)
[Parent] Sent signal 19 to pid=1457 (preempt SIGSTOP)
[Parent] Sent signal 18 to pid=1456 (resume SIGCONT)
[Parent] Sent signal 19 to pid=1456 (preempt SIGSTOP)
[Parent] Sent signal 18 to pid=1457 (resume SIGCONT)
[Parent] Sent signal 19 to pid=1457 (preempt SIGSTOP)
[Parent] Sent signal 18 to pid=1456 (resume SIGCONT)
[Parent] Sent signal 19 to pid=1456 (preempt SIGSTOP)
[Parent] Sent signal 18 to pid=1457 (resume SIGCONT)
[Parent] Sent signal 19 to pid=1457 (preempt SIGSTOP)
[Parent] Sent signal 18 to pid=1456 (resume SIGCONT)
[Parent] Sent signal 19 to pid=1456 (preempt SIGSTOP)
[Parent] Sent signal 18 to pid=1457 (resume SIGCONT)
[Parent] Sent signal 19 to pid=1457 (preempt SIGSTOP)
[Parent] Sent signal 18 to pid=1456 (resume SIGCONT)
[Parent] Sent signal 19 to pid=1456 (preempt SIGSTOP)
[Parent] Sent signal 18 to pid=1457 (resume SIGCONT)
[Parent] Sent signal 19 to pid=1457 (preempt SIGSTOP)
[Parent] Sent signal 18 to pid=1456 (resume SIGCONT)
[Parent] Sent signal 19 to pid=1456 (preempt SIGSTOP)
[Parent] Sent signal 18 to pid=1457 (resume SIGCONT)
[Parent] Sent signal 19 to pid=1457 (preempt SIGSTOP)
[Parent] Sent signal 18 to pid=1456 (resume SIGCONT)
[Parent] Sent signal 19 to pid=1456 (preempt SIGSTOP)
[Parent] Sent signal 18 to pid=1457 (resume SIGCONT)
[Parent] Sent signal 19 to pid=1457 (preempt SIGSTOP)
[Parent] Sent signal 18 to pid=1456 (resume SIGCONT)
[Parent] Sent signal 19 to pid=1456 (preempt SIGSTOP)
[Parent] Sent signal 18 to pid=1457 (resume SIGCONT)
[Parent] Sent signal 19 to pid=1457 (preempt SIGSTOP)
[Parent] Sent signal 18 to pid=1456 (resume SIGCONT)
[Parent] Sent signal 19 to pid=1456 (preempt SIGSTOP)
[Parent] Sent signal 18 to pid=1457 (resume SIGCONT)
[Parent] Sent signal 9 to pid=1455 (cleanup SIGKILL)
[Parent] Sent signal 9 to pid=1456 (cleanup SIGKILL)
[Parent] Sent signal 9 to pid=1457 (cleanup SIGKILL)
[Parent] Sent signal 9 to pid=1458 (cleanup SIGKILL)
[Parent] Scheduler cleanup complete.
